<?xml version="1.0" encoding="UTF-8"?>
<testng-results total="1" passed="1" failed="0" skipped="0">
  <reporter-output>
  </reporter-output>
  <suite started-at="2020-06-20T10:19:24Z" name="Suite" finished-at="2020-06-20T10:20:07Z" duration-ms="42903">
    <groups>
    </groups>
    <test started-at="2020-06-20T10:19:24Z" name="Test" finished-at="2020-06-20T10:20:07Z" duration-ms="42903">
      <class name="com.mmt.qa.test.Search_Flights_Test">
        <test-method is-config="true" signature="initialization(java.lang.String)[pri:0, instance:com.mmt.qa.test.Search_Flights_Test@54c562f7]" started-at="2020-06-20T15:49:24Z" name="initialization" finished-at="2020-06-20T15:49:36Z" duration-ms="12343" status="PASS">
          <params>
            <param index="0">
              <value>
                <![CDATA[chrome]]>
              </value>
            </param>
          </params>
          <reporter-output>
          </reporter-output>
        </test-method> <!-- initialization -->
        <test-method signature="validateSearchFlightTest(java.lang.String, java.lang.String, java.lang.String, java.lang.String, java.lang.String, java.lang.String)[pri:1, instance:com.mmt.qa.test.Search_Flights_Test@54c562f7]" started-at="2020-06-20T15:49:38Z" name="validateSearchFlightTest" description="search flight test" data-provider="util generic data provider" finished-at="2020-06-20T15:50:06Z" duration-ms="28290" status="PASS">
          <params>
            <param index="0">
              <value>
                <![CDATA[Hyderabad, India]]>
              </value>
            </param>
            <param index="1">
              <value>
                <![CDATA[Kolkata, India]]>
              </value>
            </param>
            <param index="2">
              <value>
                <![CDATA[120]]>
              </value>
            </param>
            <param index="3">
              <value>
                <![CDATA[4]]>
              </value>
            </param>
            <param index="4">
              <value>
                <![CDATA[2]]>
              </value>
            </param>
            <param index="5">
              <value>
                <![CDATA[Economy/Premium Economy]]>
              </value>
            </param>
          </params>
          <reporter-output>
          </reporter-output>
        </test-method> <!-- validateSearchFlightTest -->
        <test-method is-config="true" signature="tearDown()[pri:0, instance:com.mmt.qa.test.Search_Flights_Test@54c562f7]" started-at="2020-06-20T15:50:06Z" name="tearDown" finished-at="2020-06-20T15:50:07Z" duration-ms="983" status="PASS">
          <reporter-output>
          </reporter-output>
        </test-method> <!-- tearDown -->
      </class> <!-- com.mmt.qa.test.Search_Flights_Test -->
    </test> <!-- Test -->
  </suite> <!-- Suite -->
</testng-results>
